#-----------------------------------------------------------
# Vivado v2015.4 (64-bit)
# SW Build 1412921 on Wed Nov 18 09:43:45 MST 2015
# IP Build 1412160 on Tue Nov 17 13:47:24 MST 2015
# Start of session at: Wed Jun 01 00:11:56 2016
# Process ID: 5832
# Current directory: C:/Users/ha/Desktop/project_uart
# Command line: vivado.exe -gui_launcher_event rodinguilauncherevent5868 C:\Users\ha\Desktop\project_uart\project_uart.xpr
# Log file: C:/Users/ha/Desktop/project_uart/vivado.log
# Journal file: C:/Users/ha/Desktop/project_uart\vivado.jou
#-----------------------------------------------------------
start_gui
open_project C:/Users/ha/Desktop/project_uart/project_uart.xpr
Scanning sources...
Finished scanning sources
WARNING: [filemgmt 56-3] IPStaticSourceDir: Could not find the directory 'C:/Users/ha/Desktop/project_uart/project_uart.ip_user_files/ipstatic'.
INFO: [IP_Flow 19-234] Refreshing IP repositories
INFO: [IP_Flow 19-1704] No user IP repositories specified
INFO: [IP_Flow 19-2313] Loaded Vivado IP repository 'C:/Xilinx/Vivado/2015.4/data/ip'.
open_project: Time (s): cpu = 00:00:48 ; elapsed = 00:00:22 . Memory (MB): peak = 751.867 ; gain = 109.156
exit
INFO: [Common 17-206] Exiting Vivado at Wed Jun 01 00:14:16 2016...
